<?xml version="1.0" encoding="UTF-8"?>
<!-- Generated by org.testng.reporters.JUnitXMLReporter -->
<testsuite hostname="IND-PF0SNN2F-LT" ignored="0" name="NoonAssignment" tests="5" failures="0" timestamp="2020-09-30T01:57:55 IST" time="11.937" errors="0">
  <testcase name="validateSuccess" time="5.035" classname="org.noon.ValidateTests"/>
  <testcase name="validateError" time="1.367" classname="org.noon.ValidateTests"/>
  <testcase name="trxnHistorySuccess" time="1.444" classname="org.noon.TrxnHistoryTests"/>
  <testcase name="trxnHistoryError" time="1.289" classname="org.noon.TrxnHistoryTests"/>
  <testcase name="trxnHistoryErrorStatus404Test" time="1.88" classname="org.noon.TrxnHistoryTests"/>
</testsuite> <!-- NoonAssignment -->
