<?xml version="1.0" encoding="UTF-8"?>
<!-- Generated by org.testng.reporters.JUnitXMLReporter -->
<testsuite hostname="IND-PF0SNN2F-LT" ignored="0" name="NoonAssignment" tests="5" failures="0" timestamp="2020-09-26T11:50:28 IST" time="13.693" errors="0">
  <testcase name="validateSuccess" time="5.413" classname="org.noon.ValidateTests"/>
  <testcase name="validateError" time="2.601" classname="org.noon.ValidateTests"/>
  <testcase name="trxnHistorySuccess" time="1.565" classname="org.noon.TrxnHistoryTests"/>
  <testcase name="trxnHistoryError" time="1.587" classname="org.noon.TrxnHistoryTests"/>
  <testcase name="trxnHistoryErrorStatus404Test" time="1.727" classname="org.noon.TrxnHistoryTests"/>
</testsuite> <!-- NoonAssignment -->
