<?xml version="1.0" encoding="UTF-8"?>
<testng-results skipped="0" failed="0" ignored="0" total="5" passed="5">
  <reporter-output>
  </reporter-output>
  <suite name="Suite1" duration-ms="11937" started-at="2020-09-30T01:57:43 IST" finished-at="2020-09-30T01:57:55 IST">
    <groups>
    </groups>
    <test name="NoonAssignment" duration-ms="11937" started-at="2020-09-30T01:57:43 IST" finished-at="2020-09-30T01:57:55 IST">
      <class name="org.noon.TrxnHistoryTests">
        <test-method status="PASS" signature="setup()[pri:0, instance:org.noon.TrxnHistoryTests@35083305]" name="setup" is-config="true" duration-ms="2" started-at="2020-09-30T01:57:50 IST" finished-at="2020-09-30T01:57:50 IST">
          <reporter-output>
          </reporter-output>
        </test-method> <!-- setup -->
        <test-method status="PASS" signature="trxnHistorySuccess()[pri:1, instance:org.noon.TrxnHistoryTests@35083305]" name="trxnHistorySuccess" duration-ms="1444" started-at="2020-09-30T01:57:50 IST" finished-at="2020-09-30T01:57:52 IST">
          <reporter-output>
          </reporter-output>
        </test-method> <!-- trxnHistorySuccess -->
        <test-method status="PASS" signature="trxnHistoryError()[pri:2, instance:org.noon.TrxnHistoryTests@35083305]" name="trxnHistoryError" duration-ms="1289" started-at="2020-09-30T01:57:52 IST" finished-at="2020-09-30T01:57:53 IST">
          <reporter-output>
          </reporter-output>
        </test-method> <!-- trxnHistoryError -->
        <test-method status="PASS" signature="trxnHistoryErrorStatus404Test()[pri:3, instance:org.noon.TrxnHistoryTests@35083305]" name="trxnHistoryErrorStatus404Test" duration-ms="1880" started-at="2020-09-30T01:57:53 IST" finished-at="2020-09-30T01:57:55 IST">
          <reporter-output>
          </reporter-output>
        </test-method> <!-- trxnHistoryErrorStatus404Test -->
      </class> <!-- org.noon.TrxnHistoryTests -->
      <class name="org.noon.ValidateTests">
        <test-method status="PASS" signature="setup()[pri:0, instance:org.noon.ValidateTests@52e677af]" name="setup" is-config="true" duration-ms="633" started-at="2020-09-30T01:57:43 IST" finished-at="2020-09-30T01:57:44 IST">
          <reporter-output>
          </reporter-output>
        </test-method> <!-- setup -->
        <test-method status="PASS" signature="validateSuccess()[pri:1, instance:org.noon.ValidateTests@52e677af]" name="validateSuccess" duration-ms="5035" started-at="2020-09-30T01:57:44 IST" finished-at="2020-09-30T01:57:49 IST">
          <reporter-output>
          </reporter-output>
        </test-method> <!-- validateSuccess -->
        <test-method status="PASS" signature="validateError()[pri:2, instance:org.noon.ValidateTests@52e677af]" name="validateError" duration-ms="1367" started-at="2020-09-30T01:57:49 IST" finished-at="2020-09-30T01:57:50 IST">
          <reporter-output>
          </reporter-output>
        </test-method> <!-- validateError -->
      </class> <!-- org.noon.ValidateTests -->
    </test> <!-- NoonAssignment -->
  </suite> <!-- Suite1 -->
</testng-results>
