<?xml version="1.0" encoding="UTF-8"?>
<testsuite name="TestSuite" time="11.151" tests="5" errors="0" skipped="0" failures="0">
  <properties>
[...]
</properties>
  <testcase name="validateSuccess" classname="org.noon.ValidateTests" time="5.145"/>
  <testcase name="validateError" classname="org.noon.ValidateTests" time="1.37"/>
  <testcase name="trxnHistorySuccess" classname="org.noon.TrxnHistoryTests" time="1.448"/>
  <testcase name="trxnHistoryError" classname="org.noon.TrxnHistoryTests" time="1.292"/>
  <testcase name="trxnHistoryErrorStatus404Test" classname="org.noon.TrxnHistoryTests" time="1.896"/>
</testsuite>